Start Log 20241201
2024-12-01 08:15:42 [ERROR] Database connection failed for instance 'DB1'. Error: Timeout expired.
2024-12-01 11:42:13 [WARNING] High memory usage detected on server 'API1'.
2024-12-01 16:30:05 [ERROR] Unauthorized access attempt detected. IP: 192.168.1.45.
End Log 20241201
Start Log 20241202
2024-12-02 09:03:21 [ERROR] SQL query failed. Error: Syntax error near 'WHERE'.
2024-12-02 12:18:37 [WARNING] API response time exceeded threshold. Service: 'UserAuth'.
2024-12-02 17:45:50 [ERROR] Failed to send email. SMTP server not reachable.
End Log 20241202
Start Log 20241203
2024-12-03 07:58:12 [WARNING] Disk usage exceeded 90% on server 'DB2'.
2024-12-03 10:21:43 [ERROR] File upload failed. Error: Insufficient storage space.
2024-12-03 14:36:27 [ERROR] Unable to fetch data from external API. Error code: 504 Gateway Timeout.
End Log 20241203
Start Log 20241204
2024-12-04 08:11:34 [ERROR] Service 'PaymentGateway' unavailable. Error: 503 Service Unavailable.
2024-12-04 13:29:46 [WARNING] Deprecated API version called. Service: 'Inventory'.
2024-12-04 18:52:59 [ERROR] Application crashed. Reason: NullReferenceException at line 87.
End Log 20241204
Start Log 20241205
2024-12-05 06:45:20 [ERROR] Failed to authenticate user. Error: Invalid credentials.
2024-12-05 12:34:11 [WARNING] CPU usage exceeded 85% on server 'WebHost1'.
2024-12-05 15:27:43 [ERROR] Data replication failed between nodes 'Node1' and 'Node2'.
End Log 20241205
Start Log 20241206
2024-12-06 07:32:18 [ERROR] Failed to load configuration file. Error: File not found.
2024-12-06 11:15:39 [WARNING] Slow query detected. Query execution time: 120 seconds.
2024-12-06 19:02:51 [ERROR] Failed to process payment. Error: Card declined.
End Log 20241206
Start Log 20241207
2024-12-07 08:14:03 [WARNING] Memory leak detected in service 'AnalyticsEngine'.
2024-12-07 10:23:17 [ERROR] Unable to resolve hostname. Error: DNS server unreachable.
2024-12-07 16:49:38 [ERROR] Service 'OrderManagement' timeout. Error: Request timed out after 30 seconds.
End Log 20241207
Start Log 20241208
2024-12-08 09:05:41 [ERROR] Data backup failed. Error: Permission denied.
2024-12-08 11:50:22 [WARNING] Unusual login attempt detected. Location: Unknown.
2024-12-08 17:20:35 [ERROR] API key invalid. Service: 'ThirdPartyIntegration'.
End Log 20241208
Start Log 20241209
2024-12-09 08:19:14 [ERROR] Disk read error on device 'Storage1'. Error: I/O error.
2024-12-09 13:04:47 [WARNING] Load balancer latency detected. Average response time: 3 seconds.
2024-12-09 19:36:29 [ERROR] Transaction rolled back. Reason: Deadlock detected.
End Log 20241209
Start Log 20241210
2024-12-10 06:55:10 [ERROR] Network connectivity issue. Unable to reach server 'DB3'.
2024-12-10 12:12:58 [WARNING] Configuration setting 'MaxRetries' is deprecated.
2024-12-10 18:22:34 [ERROR] Email delivery failed. Error: Invalid recipient address.
End Log 20241210
